10/5/13 6:30:07 PM - 10: org.apache.uima.adapter.jms.service.UIMA_Service.initialize(68): INFO: UIMA-AS version 2.4.0
10/5/13 6:30:08 PM - 10: org.apache.uima.aae.controller.BaseAnalysisEngineController.logPlatformInfo: INFO: 
+------------------------------------------------------------------
                   Starting UIMA AS Service - PID: 39062
+------------------------------------------------------------------
+ Service Name:hw2-vvv-aae
+ Service Queue Name:vvvQueue
+ Service Start Time:05 Oct 2013 18:30:06 
+ UIMA AS Version:2.4.0
+ UIMA Core Version:2.4.0
+ OS Name:Mac OS X
+ OS Version:10.8.4
+ OS Architecture:x86_64
+ OS CPU Count:4
+ JVM Vendor:Apple Inc.
+ JVM Name:Java HotSpot(TM) 64-Bit Server VM
+ JVM Version:20.51-b01-457
+ JVM Input Args:[-DVNS_HOST=localhost, -DVNS_PORT=9000, -Duima.home=/Users/vvvemuri1/Masters/11791/UIMA_AS_HOME, -Duima.datapath=, -Djava.util.logging.config.file=/Users/vvvemuri1/Masters/11791/UIMA_AS_HOME/config/Logger.properties, -Duima.tools.cvd.manpath.notset, -Xms128M, -Xmx800M, -Dlog4j.configuration=file:/Users/vvvemuri1/Masters/11791/UIMA_AS_HOME/as_config/uimaAsLog4j.properties, -DUimaBootstrapSuppressClassPathDisplay, -Dorg.apache.uima.jarpath=/Users/vvvemuri1/git/hw3-vvv/hw3-vvv-ziy-proto/target:/Users/vvvemuri1/Masters/11791/UIMA_AS_HOME/examples/resources:/Users/vvvemuri1/Masters/11791/UIMA_AS_HOME/lib::/Users/vvvemuri1/Masters/11791/UIMA_AS_HOME/lib/xmlbeans:/Users/vvvemuri1/Masters/11791/UIMA_AS_HOME/apache-activemq-5.4.1:/Users/vvvemuri1/Masters/11791/UIMA_AS_HOME/apache-activemq-5.4.1/lib:/Users/vvvemuri1/Masters/11791/UIMA_AS_HOME/apache-activemq-5.4.1/lib/optional:]
+ JVM Classpath:/Users/vvvemuri1/Masters/11791/UIMA_AS_HOME/lib/uimaj-bootstrap.jar
+ JVM Loaded Jars:/Users/vvvemuri1/Masters/11791/UIMA_AS_HOME/lib/uimaj-bootstrap.jar:/Users/vvvemuri1/git/hw3-vvv/hw3-vvv-ziy-proto/target/hw3-vvv-0.0.1-SNAPSHOT-jar-with-dependencies.jar:/Users/vvvemuri1/Masters/11791/UIMA_AS_HOME/examples/resources/:/Users/vvvemuri1/Masters/11791/UIMA_AS_HOME/lib/jVinci.jar:/Users/vvvemuri1/Masters/11791/UIMA_AS_HOME/lib/uima-adapter-soap.jar:/Users/vvvemuri1/Masters/11791/UIMA_AS_HOME/lib/uima-adapter-vinci.jar:/Users/vvvemuri1/Masters/11791/UIMA_AS_HOME/lib/uima-core.jar:/Users/vvvemuri1/Masters/11791/UIMA_AS_HOME/lib/uima-cpe.jar:/Users/vvvemuri1/Masters/11791/UIMA_AS_HOME/lib/uima-document-annotation.jar:/Users/vvvemuri1/Masters/11791/UIMA_AS_HOME/lib/uima-examples.jar:/Users/vvvemuri1/Masters/11791/UIMA_AS_HOME/lib/uima-tools.jar:/Users/vvvemuri1/Masters/11791/UIMA_AS_HOME/lib/uimaj-as-activemq.jar:/Users/vvvemuri1/Masters/11791/UIMA_AS_HOME/lib/uimaj-as-camel.jar:/Users/vvvemuri1/Masters/11791/UIMA_AS_HOME/lib/uimaj-as-core.jar:/Users/vvvemuri1/Masters/11791/UIMA_AS_HOME/lib/uimaj-as-jms.jar:/Users/vvvemuri1/Masters/11791/UIMA_AS_HOME/lib/xmlbeans.jar:/Users/vvvemuri1/Masters/11791/UIMA_AS_HOME/apache-activemq-5.4.1/activemq-all-5.4.1.jar:/Users/vvvemuri1/Masters/11791/UIMA_AS_HOME/apache-activemq-5.4.1/lib/activemq-camel-5.4.1.jar:/Users/vvvemuri1/Masters/11791/UIMA_AS_HOME/apache-activemq-5.4.1/lib/activemq-console-5.4.1.jar:/Users/vvvemuri1/Masters/11791/UIMA_AS_HOME/apache-activemq-5.4.1/lib/activemq-core-5.4.1.jar:/Users/vvvemuri1/Masters/11791/UIMA_AS_HOME/apache-activemq-5.4.1/lib/activemq-optional-5.4.1.jar:/Users/vvvemuri1/Masters/11791/UIMA_AS_HOME/apache-activemq-5.4.1/lib/activemq-spring-5.4.1.jar:/Users/vvvemuri1/Masters/11791/UIMA_AS_HOME/apache-activemq-5.4.1/lib/commons-logging-1.1.1.jar:/Users/vvvemuri1/Masters/11791/UIMA_AS_HOME/apache-activemq-5.4.1/lib/geronimo-j2ee-management_1.1_spec-1.0.1.jar:/Users/vvvemuri1/Masters/11791/UIMA_AS_HOME/apache-activemq-5.4.1/lib/geronimo-jms_1.1_spec-1.1.jar:/Users/vvvemuri1/Masters/11791/UIMA_AS_HOME/apache-activemq-5.4.1/lib/kahadb-5.4.1.jar:/Users/vvvemuri1/Masters/11791/UIMA_AS_HOME/apache-activemq-5.4.1/lib/spring-aop-3.0.3.RELEASE.jar:/Users/vvvemuri1/Masters/11791/UIMA_AS_HOME/apache-activemq-5.4.1/lib/spring-asm-3.0.3.RELEASE.jar:/Users/vvvemuri1/Masters/11791/UIMA_AS_HOME/apache-activemq-5.4.1/lib/spring-beans-3.0.3.RELEASE.jar:/Users/vvvemuri1/Masters/11791/UIMA_AS_HOME/apache-activemq-5.4.1/lib/spring-context-3.0.3.RELEASE.jar:/Users/vvvemuri1/Masters/11791/UIMA_AS_HOME/apache-activemq-5.4.1/lib/spring-core-3.0.3.RELEASE.jar:/Users/vvvemuri1/Masters/11791/UIMA_AS_HOME/apache-activemq-5.4.1/lib/spring-expression-3.0.3.RELEASE.jar:/Users/vvvemuri1/Masters/11791/UIMA_AS_HOME/apache-activemq-5.4.1/lib/spring-jms-3.0.3.RELEASE.jar:/Users/vvvemuri1/Masters/11791/UIMA_AS_HOME/apache-activemq-5.4.1/lib/spring-tx-3.0.3.RELEASE.jar:/Users/vvvemuri1/Masters/11791/UIMA_AS_HOME/apache-activemq-5.4.1/lib/xbean-spring-3.7.jar:/Users/vvvemuri1/Masters/11791/UIMA_AS_HOME/apache-activemq-5.4.1/lib/optional/commons-codec-1.2.jar:/Users/vvvemuri1/Masters/11791/UIMA_AS_HOME/apache-activemq-5.4.1/lib/optional/commons-httpclient-3.1.jar:/Users/vvvemuri1/Masters/11791/UIMA_AS_HOME/apache-activemq-5.4.1/lib/optional/geronimo-servlet_2.5_spec-1.2.jar:/Users/vvvemuri1/Masters/11791/UIMA_AS_HOME/apache-activemq-5.4.1/lib/optional/jetty-all-server-7.0.1.v20091125.jar:/Users/vvvemuri1/Masters/11791/UIMA_AS_HOME/apache-activemq-5.4.1/lib/optional/log4j-1.2.14.jar:/Users/vvvemuri1/Masters/11791/UIMA_AS_HOME/apache-activemq-5.4.1/lib/optional/xmlpull-1.1.3.4d_b4_min.jar:/Users/vvvemuri1/Masters/11791/UIMA_AS_HOME/apache-activemq-5.4.1/lib/optional/xstream-1.3.1.jar:
+ JVM LIB_PATH:/Users/vvvemuri1/Masters/11791/UIMA_AS_HOME/uimacpp/lib:/Users/vvvemuri1/Masters/11791/UIMA_AS_HOME/uimacpp/examples/tutorial/src::.:/Library/Java/Extensions:/System/Library/Java/Extensions:/usr/lib/java
+------------------------------------------------------------------ 
10/5/13 6:30:08 PM - 10: org.apache.uima.adapter.jms.activemq.JmsInputChannel.setEndpointName: INFO: top_level_input_queue_service_1 Service Starting - Listening for Messages 
10/5/13 6:30:08 PM - 10: org.apache.uima.adapter.jms.activemq.SpringContainerDeployer.waitForServiceNotification: INFO: Uima EE Client Blocking - Awaiting Top Level Controller Initialization Notification
10/5/13 6:30:08 PM - 11: org.apache.uima.aae.UimaAsThreadFactory$1.UimaAsThreadFactory.run(): INFO: Controller: hw2-vvv-aae Initializing AE instance on Thread Id: 15
10/5/13 6:30:08 PM - 11: org.apache.uima.adapter.jms.client.BaseUIMAAsynchronousEngine_impl.<init>(128): INFO: UIMA Version 2.4.0 UIMA-AS Version 2.4.0
10/5/13 6:30:08 PM - 11: org.apache.uima.adapter.jms.client.BaseUIMAAsynchronousEngine_impl.setupConnection: INFO: UIMA AS Client Created Shared Connection To Broker: tcp://mu.lti.cs.cmu.edu:61616
10/5/13 6:30:08 PM - 11: org.apache.uima.adapter.jms.client.BaseUIMAAsynchronousEngine_impl.initializeProducer: INFO: Initializing JMS Message Producer. Broker: tcp://mu.lti.cs.cmu.edu:61616 Queue Name: ScnlpQueue
10/5/13 6:30:08 PM - 11: org.apache.uima.adapter.jms.client.BaseUIMAAsynchronousEngine_impl.initializeConsumer: INFO: Initializing JMS Message Consumer. Broker: tcp://mu.lti.cs.cmu.edu:61616 Queue Name: ID:cmu-866055.wv.cc.cmu.edu-60578-1381012208735-0:0:1
10/5/13 6:30:09 PM - 11: org.apache.uima.adapter.jms.client.BaseUIMAAsynchronousEngine_impl.initialize: INFO: Asynchronous Client Has Been Initialized. Serialization Strategy: [xmi] Ready To Process.
10/5/13 6:30:09 PM - 11: org.apache.uima.aae.controller.PrimitiveAnalysisEngineController_impl.postInitialize: INFO: ********* Initialized the Controller. hw2-vvv-aae Ready To Process. ********
10/5/13 6:30:09 PM - 10: org.apache.uima.adapter.jms.activemq.SpringContainerDeployer.doStartListeners: INFO: Controller: hw2-vvv-aae Starting Listener on Endpoint: queue://vvvQueue Selector: Command=2000 OR Command=2002 Broker: tcp://localhost:61616
10/5/13 6:30:09 PM - 10: org.apache.uima.adapter.jms.activemq.SpringContainerDeployer.doStartListeners: INFO: Controller: hw2-vvv-aae Starting Listener on Endpoint: queue://vvvQueue Selector: Command=2001 Broker: tcp://localhost:61616
10/5/13 6:32:30 PM - 10: org.apache.uima.aae.controller.PrimitiveAnalysisEngineController_impl.quiesceAndStop: INFO: Stopping Controller: hw2-vvv-aae
10/5/13 6:32:30 PM - 10: org.apache.uima.adapter.jms.activemq.JmsInputChannel.stopChannel: INFO: Stopping Service JMS Transport. Service: vvvQueue ShutdownNow false
10/5/13 6:32:30 PM - 10: org.apache.uima.adapter.jms.activemq.JmsInputChannel.stopChannel: INFO: Controller: hw2-vvv-aae Stopped Listener on Endpoint: queue://vvvQueue Selector:  Selector:Command=2000 OR Command=2002. 
10/5/13 6:32:30 PM - 10: org.apache.uima.adapter.jms.activemq.JmsInputChannel.stopChannel: INFO: Stopping Service JMS Transport. Service: vvvQueue ShutdownNow false
10/5/13 6:32:30 PM - 10: org.apache.uima.adapter.jms.activemq.JmsInputChannel.stopChannel: INFO: Controller: hw2-vvv-aae Stopped Listener on Endpoint: queue://vvvQueue Selector:  Selector:Command=2001. 
10/5/13 6:32:32 PM - 10: org.apache.uima.adapter.jms.activemq.JmsInputChannel.stopChannel: INFO: Stopping Service JMS Transport. Service: vvvQueue ShutdownNow true
10/5/13 6:32:32 PM - 10: org.apache.uima.adapter.jms.activemq.JmsInputChannel.stopChannel: INFO: Controller: hw2-vvv-aae Stopped Listener on Endpoint: queue://vvvQueue Selector:  Selector:Command=2000 OR Command=2002. 
10/5/13 6:32:32 PM - 10: org.apache.uima.adapter.jms.activemq.JmsInputChannel.stopChannel: INFO: Stopping Service JMS Transport. Service: vvvQueue ShutdownNow true
10/5/13 6:32:32 PM - 10: org.apache.uima.adapter.jms.activemq.JmsInputChannel.stopChannel: INFO: Controller: hw2-vvv-aae Stopped Listener on Endpoint: queue://vvvQueue Selector:  Selector:Command=2001. 
10/5/13 6:32:32 PM - 10: org.apache.uima.aae.controller.PrimitiveAnalysisEngineController_impl.stop: INFO: Stopping Controller: hw2-vvv-aae
10/5/13 6:32:32 PM - 11: org.apache.uima.aae.UimaAsThreadFactory$1.UimaAsThreadFactory.run(): INFO: Controller: hw2-vvv-aae --------------- Process Thread ID:15 EXITING
10/5/13 6:32:32 PM - 10: org.apache.uima.adapter.jms.activemq.JmsOutputChannel.stop: INFO: Controller: vvvQueue Aborted Connection To Endpoint: ID:cmu-866055.wv.cc.cmu.edu-60589-1381012252546-0:0:1 and Broker Uri: tcp://localhost:61616
10/5/13 6:32:32 PM - 11: org.apache.uima.adapter.jms.client.BaseUIMAAsynchronousEngineCommon_impl.stop: INFO: Stopping Asynchronous Client.
10/5/13 6:32:32 PM - 10: org.apache.uima.adapter.jms.activemq.JmsOutputChannel.stop: INFO: Controller: vvvQueue Aborted Connection To Endpoint: ID:cmu-866055.wv.cc.cmu.edu-60594-1381012322494-0:0:1 and Broker Uri: tcp://localhost:61616
10/5/13 6:32:32 PM - 11: org.apache.uima.adapter.jms.client.BaseUIMAAsynchronousEngineCommon_impl.stop: INFO: Asynchronous Client Has Stopped.
10/5/13 6:32:32 PM - 10: org.apache.uima.adapter.jms.activemq.JmsOutputChannel.stop: INFO: Controller: vvvQueue Output Channel Shutdown Completed
10/5/13 6:32:32 PM - 11: org.apache.uima.adapter.jms.client.BaseUIMAAsynchronousEngineCommon_impl$SharedConnection.destroy: INFO: UIMA AS Client Shared Connection Has Been Closed   
10/5/13 6:32:32 PM - 11: org.apache.uima.adapter.jms.client.BaseUIMAAsynchronousEngine_impl.stop: INFO: UIMA AS Client Undeployed All Containers
10/5/13 6:32:32 PM - 11: org.apache.uima.aae.UimaAsThreadFactory$1.UimaAsThreadFactory.run(): INFO: Controller: hw2-vvv-aae --------------- AE destroy() Method Call Returned ID:15
