10/5/13 5:21:38 PM - 10: org.apache.uima.adapter.jms.service.UIMA_Service.initialize(68): INFO: UIMA-AS version 2.4.0
10/5/13 5:21:39 PM - 10: org.apache.uima.aae.controller.BaseAnalysisEngineController.logPlatformInfo: INFO: 
+------------------------------------------------------------------
                   Starting UIMA AS Service - PID: 38629
+------------------------------------------------------------------
+ Service Name:hw2-vvv-aae
+ Service Queue Name:vvvQueue
+ Service Start Time:05 Oct 2013 17:21:37 
+ UIMA AS Version:2.4.0
+ UIMA Core Version:2.4.0
+ OS Name:Mac OS X
+ OS Version:10.8.4
+ OS Architecture:x86_64
+ OS CPU Count:4
+ JVM Vendor:Apple Inc.
+ JVM Name:Java HotSpot(TM) 64-Bit Server VM
+ JVM Version:20.51-b01-457
+ JVM Input Args:[-DVNS_HOST=localhost, -DVNS_PORT=9000, -Duima.home=/Users/vvvemuri1/Masters/11791/UIMA_AS_HOME, -Duima.datapath=, -Djava.util.logging.config.file=/Users/vvvemuri1/Masters/11791/UIMA_AS_HOME/config/Logger.properties, -Duima.tools.cvd.manpath.notset, -Xms128M, -Xmx800M, -Dlog4j.configuration=file:/Users/vvvemuri1/Masters/11791/UIMA_AS_HOME/as_config/uimaAsLog4j.properties, -DUimaBootstrapSuppressClassPathDisplay, -Dorg.apache.uima.jarpath=/Users/vvvemuri1/git/hw3-vvv/hw3-vvv-ziy-proto/target:/Users/vvvemuri1/Masters/11791/UIMA_AS_HOME/examples/resources:/Users/vvvemuri1/Masters/11791/UIMA_AS_HOME/lib::/Users/vvvemuri1/Masters/11791/UIMA_AS_HOME/lib/xmlbeans:/Users/vvvemuri1/Masters/11791/UIMA_AS_HOME/apache-activemq-5.4.1:/Users/vvvemuri1/Masters/11791/UIMA_AS_HOME/apache-activemq-5.4.1/lib:/Users/vvvemuri1/Masters/11791/UIMA_AS_HOME/apache-activemq-5.4.1/lib/optional:]
+ JVM Classpath:/Users/vvvemuri1/Masters/11791/UIMA_AS_HOME/lib/uimaj-bootstrap.jar
+ JVM Loaded Jars:/Users/vvvemuri1/Masters/11791/UIMA_AS_HOME/lib/uimaj-bootstrap.jar:/Users/vvvemuri1/git/hw3-vvv/hw3-vvv-ziy-proto/target/hw3-vvv-0.0.1-SNAPSHOT-jar-with-dependencies.jar:/Users/vvvemuri1/Masters/11791/UIMA_AS_HOME/examples/resources/:/Users/vvvemuri1/Masters/11791/UIMA_AS_HOME/lib/jVinci.jar:/Users/vvvemuri1/Masters/11791/UIMA_AS_HOME/lib/uima-adapter-soap.jar:/Users/vvvemuri1/Masters/11791/UIMA_AS_HOME/lib/uima-adapter-vinci.jar:/Users/vvvemuri1/Masters/11791/UIMA_AS_HOME/lib/uima-core.jar:/Users/vvvemuri1/Masters/11791/UIMA_AS_HOME/lib/uima-cpe.jar:/Users/vvvemuri1/Masters/11791/UIMA_AS_HOME/lib/uima-document-annotation.jar:/Users/vvvemuri1/Masters/11791/UIMA_AS_HOME/lib/uima-examples.jar:/Users/vvvemuri1/Masters/11791/UIMA_AS_HOME/lib/uima-tools.jar:/Users/vvvemuri1/Masters/11791/UIMA_AS_HOME/lib/uimaj-as-activemq.jar:/Users/vvvemuri1/Masters/11791/UIMA_AS_HOME/lib/uimaj-as-camel.jar:/Users/vvvemuri1/Masters/11791/UIMA_AS_HOME/lib/uimaj-as-core.jar:/Users/vvvemuri1/Masters/11791/UIMA_AS_HOME/lib/uimaj-as-jms.jar:/Users/vvvemuri1/Masters/11791/UIMA_AS_HOME/lib/xmlbeans.jar:/Users/vvvemuri1/Masters/11791/UIMA_AS_HOME/apache-activemq-5.4.1/activemq-all-5.4.1.jar:/Users/vvvemuri1/Masters/11791/UIMA_AS_HOME/apache-activemq-5.4.1/lib/activemq-camel-5.4.1.jar:/Users/vvvemuri1/Masters/11791/UIMA_AS_HOME/apache-activemq-5.4.1/lib/activemq-console-5.4.1.jar:/Users/vvvemuri1/Masters/11791/UIMA_AS_HOME/apache-activemq-5.4.1/lib/activemq-core-5.4.1.jar:/Users/vvvemuri1/Masters/11791/UIMA_AS_HOME/apache-activemq-5.4.1/lib/activemq-optional-5.4.1.jar:/Users/vvvemuri1/Masters/11791/UIMA_AS_HOME/apache-activemq-5.4.1/lib/activemq-spring-5.4.1.jar:/Users/vvvemuri1/Masters/11791/UIMA_AS_HOME/apache-activemq-5.4.1/lib/commons-logging-1.1.1.jar:/Users/vvvemuri1/Masters/11791/UIMA_AS_HOME/apache-activemq-5.4.1/lib/geronimo-j2ee-management_1.1_spec-1.0.1.jar:/Users/vvvemuri1/Masters/11791/UIMA_AS_HOME/apache-activemq-5.4.1/lib/geronimo-jms_1.1_spec-1.1.jar:/Users/vvvemuri1/Masters/11791/UIMA_AS_HOME/apache-activemq-5.4.1/lib/kahadb-5.4.1.jar:/Users/vvvemuri1/Masters/11791/UIMA_AS_HOME/apache-activemq-5.4.1/lib/spring-aop-3.0.3.RELEASE.jar:/Users/vvvemuri1/Masters/11791/UIMA_AS_HOME/apache-activemq-5.4.1/lib/spring-asm-3.0.3.RELEASE.jar:/Users/vvvemuri1/Masters/11791/UIMA_AS_HOME/apache-activemq-5.4.1/lib/spring-beans-3.0.3.RELEASE.jar:/Users/vvvemuri1/Masters/11791/UIMA_AS_HOME/apache-activemq-5.4.1/lib/spring-context-3.0.3.RELEASE.jar:/Users/vvvemuri1/Masters/11791/UIMA_AS_HOME/apache-activemq-5.4.1/lib/spring-core-3.0.3.RELEASE.jar:/Users/vvvemuri1/Masters/11791/UIMA_AS_HOME/apache-activemq-5.4.1/lib/spring-expression-3.0.3.RELEASE.jar:/Users/vvvemuri1/Masters/11791/UIMA_AS_HOME/apache-activemq-5.4.1/lib/spring-jms-3.0.3.RELEASE.jar:/Users/vvvemuri1/Masters/11791/UIMA_AS_HOME/apache-activemq-5.4.1/lib/spring-tx-3.0.3.RELEASE.jar:/Users/vvvemuri1/Masters/11791/UIMA_AS_HOME/apache-activemq-5.4.1/lib/xbean-spring-3.7.jar:/Users/vvvemuri1/Masters/11791/UIMA_AS_HOME/apache-activemq-5.4.1/lib/optional/commons-codec-1.2.jar:/Users/vvvemuri1/Masters/11791/UIMA_AS_HOME/apache-activemq-5.4.1/lib/optional/commons-httpclient-3.1.jar:/Users/vvvemuri1/Masters/11791/UIMA_AS_HOME/apache-activemq-5.4.1/lib/optional/geronimo-servlet_2.5_spec-1.2.jar:/Users/vvvemuri1/Masters/11791/UIMA_AS_HOME/apache-activemq-5.4.1/lib/optional/jetty-all-server-7.0.1.v20091125.jar:/Users/vvvemuri1/Masters/11791/UIMA_AS_HOME/apache-activemq-5.4.1/lib/optional/log4j-1.2.14.jar:/Users/vvvemuri1/Masters/11791/UIMA_AS_HOME/apache-activemq-5.4.1/lib/optional/xmlpull-1.1.3.4d_b4_min.jar:/Users/vvvemuri1/Masters/11791/UIMA_AS_HOME/apache-activemq-5.4.1/lib/optional/xstream-1.3.1.jar:
+ JVM LIB_PATH:/Users/vvvemuri1/Masters/11791/UIMA_AS_HOME/uimacpp/lib:/Users/vvvemuri1/Masters/11791/UIMA_AS_HOME/uimacpp/examples/tutorial/src::.:/Library/Java/Extensions:/System/Library/Java/Extensions:/usr/lib/java
+------------------------------------------------------------------ 
10/5/13 5:21:39 PM - 10: org.apache.uima.adapter.jms.activemq.JmsInputChannel.setEndpointName: INFO: top_level_input_queue_service_1 Service Starting - Listening for Messages 
10/5/13 5:21:39 PM - 10: org.apache.uima.adapter.jms.activemq.SpringContainerDeployer.waitForServiceNotification: INFO: Uima EE Client Blocking - Awaiting Top Level Controller Initialization Notification
10/5/13 5:21:39 PM - 11: org.apache.uima.aae.UimaAsThreadFactory$1.UimaAsThreadFactory.run(): INFO: Controller: hw2-vvv-aae Initializing AE instance on Thread Id: 15
10/5/13 5:21:39 PM - 11: org.apache.uima.adapter.jms.client.BaseUIMAAsynchronousEngine_impl.<init>(128): INFO: UIMA Version 2.4.0 UIMA-AS Version 2.4.0
10/5/13 5:21:40 PM - 11: org.apache.uima.adapter.jms.client.BaseUIMAAsynchronousEngine_impl.setupConnection: INFO: UIMA AS Client Created Shared Connection To Broker: tcp://mu.lti.cs.cmu.edu:61616
10/5/13 5:21:40 PM - 11: org.apache.uima.adapter.jms.client.BaseUIMAAsynchronousEngine_impl.initializeProducer: INFO: Initializing JMS Message Producer. Broker: tcp://mu.lti.cs.cmu.edu:61616 Queue Name: ScnlpQueue
10/5/13 5:21:40 PM - 11: org.apache.uima.adapter.jms.client.BaseUIMAAsynchronousEngine_impl.initializeConsumer: INFO: Initializing JMS Message Consumer. Broker: tcp://mu.lti.cs.cmu.edu:61616 Queue Name: ID:cmu-866055.wv.cc.cmu.edu-59499-1381008099850-0:0:1
10/5/13 5:21:40 PM - 11: org.apache.uima.adapter.jms.client.BaseUIMAAsynchronousEngine_impl.initialize: INFO: Asynchronous Client Has Been Initialized. Serialization Strategy: [xmi] Ready To Process.
10/5/13 5:21:40 PM - 11: org.apache.uima.aae.controller.PrimitiveAnalysisEngineController_impl.postInitialize: INFO: ********* Initialized the Controller. hw2-vvv-aae Ready To Process. ********
10/5/13 5:21:40 PM - 10: org.apache.uima.adapter.jms.activemq.SpringContainerDeployer.doStartListeners: INFO: Controller: hw2-vvv-aae Starting Listener on Endpoint: queue://vvvQueue Selector: Command=2000 OR Command=2002 Broker: tcp://localhost:61616
10/5/13 5:21:40 PM - 10: org.apache.uima.adapter.jms.activemq.SpringContainerDeployer.doStartListeners: INFO: Controller: hw2-vvv-aae Starting Listener on Endpoint: queue://vvvQueue Selector: Command=2001 Broker: tcp://localhost:61616
10/5/13 5:38:54 PM - 12: org.apache.uima.adapter.jms.client.ActiveMQMessageSender.reject: INFO: UIMA AS Client Message Dispatcher Rejecting Process Request - the Broker Is Not Available.
10/5/13 5:38:54 PM - 12: org.apache.uima.adapter.jms.client.BaseUIMAAsynchronousEngineCommon_impl.handleException: INFO: Received Exception In Message From Service on Queue:UimaASClient Broker: tcp://mu.lti.cs.cmu.edu:61616 Cas Identifier:72a93b06:1418a7f485a:-7feb Exception:org.apache.uima.jms.error.handler.BrokerConnectionException: Unable To Deliver Message To Destination. Connection To Broker tcp://mu.lti.cs.cmu.edu:61616 Has Been Lost
10/5/13 5:38:54 PM - 11: org.apache.uima.adapter.jms.client.BaseUIMAAsynchronousEngineCommon_impl.sendAndReceiveCAS: INFO: UIMA AS Handling Exception in sendAndReceive(). CAS hashcode:1227346270. ThreadMonitor Released Semaphore For Thread ID:15
10/5/13 5:38:54 PM - 12: org.apache.uima.adapter.jms.client.BaseUIMAAsynchronousEngineCommon_impl$SharedConnection.retryConnectionUntilSuccessfull: WARNING: UIMA AS Client Has Lost Connection To Broker:tcp://mu.lti.cs.cmu.edu:61616 Retrying Connection every 5secs until successful. Is Client Stopped:
10/5/13 5:38:54 PM - 11: org.apache.uima.analysis_engine.service.impl.AnalysisEngineServiceAdapter.processAndOutputNewCASes(140): SEVERE: Exception occurred
org.apache.uima.resource.ResourceServiceException: Received Exception In Message From Service on Queue:ScnlpQueue Broker: tcp://mu.lti.cs.cmu.edu:61616 Cas Identifier:72a93b06:1418a7f485a:-7feb Exception:{3}
	at org.apache.uima.aae.jms_adapter.JmsAnalysisEngineServiceStub.callProcess(JmsAnalysisEngineServiceStub.java:191)
	at org.apache.uima.analysis_engine.service.impl.AnalysisEngineServiceAdapter.processAndOutputNewCASes(AnalysisEngineServiceAdapter.java:129)
	at org.apache.uima.analysis_engine.asb.impl.ASB_impl$AggregateCasIterator.processUntilNextOutputCas(ASB_impl.java:567)
	at org.apache.uima.analysis_engine.asb.impl.ASB_impl$AggregateCasIterator.<init>(ASB_impl.java:409)
	at org.apache.uima.analysis_engine.asb.impl.ASB_impl.process(ASB_impl.java:342)
	at org.apache.uima.analysis_engine.impl.AggregateAnalysisEngine_impl.processAndOutputNewCASes(AggregateAnalysisEngine_impl.java:267)
	at org.apache.uima.aae.controller.PrimitiveAnalysisEngineController_impl.process(PrimitiveAnalysisEngineController_impl.java:584)
	at org.apache.uima.aae.handler.HandlerBase.invokeProcess(HandlerBase.java:121)
	at org.apache.uima.aae.handler.input.ProcessRequestHandler_impl.handleProcessRequestFromRemoteClient(ProcessRequestHandler_impl.java:510)
	at org.apache.uima.aae.handler.input.ProcessRequestHandler_impl.handle(ProcessRequestHandler_impl.java:1008)
	at org.apache.uima.aae.handler.input.MetadataRequestHandler_impl.handle(MetadataRequestHandler_impl.java:78)
	at org.apache.uima.adapter.jms.activemq.JmsInputChannel.onMessage(JmsInputChannel.java:702)
	at org.springframework.jms.listener.AbstractMessageListenerContainer.doInvokeListener(AbstractMessageListenerContainer.java:535)
	at org.springframework.jms.listener.AbstractMessageListenerContainer.invokeListener(AbstractMessageListenerContainer.java:495)
	at org.springframework.jms.listener.AbstractMessageListenerContainer.doExecuteListener(AbstractMessageListenerContainer.java:467)
	at org.springframework.jms.listener.AbstractPollingMessageListenerContainer.doReceiveAndExecute(AbstractPollingMessageListenerContainer.java:323)
	at org.springframework.jms.listener.AbstractPollingMessageListenerContainer.receiveAndExecute(AbstractPollingMessageListenerContainer.java:261)
	at org.springframework.jms.listener.DefaultMessageListenerContainer$AsyncMessageListenerInvoker.invokeListener(DefaultMessageListenerContainer.java:1056)
	at org.springframework.jms.listener.DefaultMessageListenerContainer$AsyncMessageListenerInvoker.run(DefaultMessageListenerContainer.java:952)
	at java.util.concurrent.ThreadPoolExecutor$Worker.runTask(ThreadPoolExecutor.java:895)
	at java.util.concurrent.ThreadPoolExecutor$Worker.run(ThreadPoolExecutor.java:918)
	at org.apache.uima.aae.UimaAsThreadFactory$1.run(UimaAsThreadFactory.java:118)
	at java.lang.Thread.run(Thread.java:680)
Caused by: org.apache.uima.resource.ResourceProcessException: Received Exception In Message From Service on Queue:ScnlpQueue Broker: tcp://mu.lti.cs.cmu.edu:61616 Cas Identifier:72a93b06:1418a7f485a:-7feb Exception:{3}
	at org.apache.uima.adapter.jms.client.BaseUIMAAsynchronousEngineCommon_impl.sendAndReceiveCAS(BaseUIMAAsynchronousEngineCommon_impl.java:2139)
	at org.apache.uima.adapter.jms.client.BaseUIMAAsynchronousEngineCommon_impl.sendAndReceiveCAS(BaseUIMAAsynchronousEngineCommon_impl.java:1952)
	at org.apache.uima.aae.jms_adapter.JmsAnalysisEngineServiceStub.callProcess(JmsAnalysisEngineServiceStub.java:183)
	... 22 more
Caused by: org.apache.uima.jms.error.handler.BrokerConnectionException: Unable To Deliver Message To Destination. Connection To Broker tcp://mu.lti.cs.cmu.edu:61616 Has Been Lost
	at org.apache.uima.adapter.jms.client.BaseMessageSender.reject(BaseMessageSender.java:139)
	at org.apache.uima.adapter.jms.client.BaseMessageSender.run(BaseMessageSender.java:269)
	... 1 more

10/5/13 5:38:54 PM - 11: org.apache.uima.analysis_engine.impl.AggregateAnalysisEngine_impl.processAndOutputNewCASes(275): SEVERE: Exception occurred
org.apache.uima.analysis_engine.AnalysisEngineProcessException: Received Exception In Message From Service on Queue:ScnlpQueue Broker: tcp://mu.lti.cs.cmu.edu:61616 Cas Identifier:72a93b06:1418a7f485a:-7feb Exception:{3}
	at org.apache.uima.analysis_engine.service.impl.AnalysisEngineServiceAdapter.processAndOutputNewCASes(AnalysisEngineServiceAdapter.java:142)
	at org.apache.uima.analysis_engine.asb.impl.ASB_impl$AggregateCasIterator.processUntilNextOutputCas(ASB_impl.java:567)
	at org.apache.uima.analysis_engine.asb.impl.ASB_impl$AggregateCasIterator.<init>(ASB_impl.java:409)
	at org.apache.uima.analysis_engine.asb.impl.ASB_impl.process(ASB_impl.java:342)
	at org.apache.uima.analysis_engine.impl.AggregateAnalysisEngine_impl.processAndOutputNewCASes(AggregateAnalysisEngine_impl.java:267)
	at org.apache.uima.aae.controller.PrimitiveAnalysisEngineController_impl.process(PrimitiveAnalysisEngineController_impl.java:584)
	at org.apache.uima.aae.handler.HandlerBase.invokeProcess(HandlerBase.java:121)
	at org.apache.uima.aae.handler.input.ProcessRequestHandler_impl.handleProcessRequestFromRemoteClient(ProcessRequestHandler_impl.java:510)
	at org.apache.uima.aae.handler.input.ProcessRequestHandler_impl.handle(ProcessRequestHandler_impl.java:1008)
	at org.apache.uima.aae.handler.input.MetadataRequestHandler_impl.handle(MetadataRequestHandler_impl.java:78)
	at org.apache.uima.adapter.jms.activemq.JmsInputChannel.onMessage(JmsInputChannel.java:702)
	at org.springframework.jms.listener.AbstractMessageListenerContainer.doInvokeListener(AbstractMessageListenerContainer.java:535)
	at org.springframework.jms.listener.AbstractMessageListenerContainer.invokeListener(AbstractMessageListenerContainer.java:495)
	at org.springframework.jms.listener.AbstractMessageListenerContainer.doExecuteListener(AbstractMessageListenerContainer.java:467)
	at org.springframework.jms.listener.AbstractPollingMessageListenerContainer.doReceiveAndExecute(AbstractPollingMessageListenerContainer.java:323)
	at org.springframework.jms.listener.AbstractPollingMessageListenerContainer.receiveAndExecute(AbstractPollingMessageListenerContainer.java:261)
	at org.springframework.jms.listener.DefaultMessageListenerContainer$AsyncMessageListenerInvoker.invokeListener(DefaultMessageListenerContainer.java:1056)
	at org.springframework.jms.listener.DefaultMessageListenerContainer$AsyncMessageListenerInvoker.run(DefaultMessageListenerContainer.java:952)
	at java.util.concurrent.ThreadPoolExecutor$Worker.runTask(ThreadPoolExecutor.java:895)
	at java.util.concurrent.ThreadPoolExecutor$Worker.run(ThreadPoolExecutor.java:918)
	at org.apache.uima.aae.UimaAsThreadFactory$1.run(UimaAsThreadFactory.java:118)
	at java.lang.Thread.run(Thread.java:680)
Caused by: org.apache.uima.resource.ResourceServiceException: Received Exception In Message From Service on Queue:ScnlpQueue Broker: tcp://mu.lti.cs.cmu.edu:61616 Cas Identifier:72a93b06:1418a7f485a:-7feb Exception:{3}
	at org.apache.uima.aae.jms_adapter.JmsAnalysisEngineServiceStub.callProcess(JmsAnalysisEngineServiceStub.java:191)
	at org.apache.uima.analysis_engine.service.impl.AnalysisEngineServiceAdapter.processAndOutputNewCASes(AnalysisEngineServiceAdapter.java:129)
	... 21 more
Caused by: org.apache.uima.resource.ResourceProcessException: Received Exception In Message From Service on Queue:ScnlpQueue Broker: tcp://mu.lti.cs.cmu.edu:61616 Cas Identifier:72a93b06:1418a7f485a:-7feb Exception:{3}
	at org.apache.uima.adapter.jms.client.BaseUIMAAsynchronousEngineCommon_impl.sendAndReceiveCAS(BaseUIMAAsynchronousEngineCommon_impl.java:2139)
	at org.apache.uima.adapter.jms.client.BaseUIMAAsynchronousEngineCommon_impl.sendAndReceiveCAS(BaseUIMAAsynchronousEngineCommon_impl.java:1952)
	at org.apache.uima.aae.jms_adapter.JmsAnalysisEngineServiceStub.callProcess(JmsAnalysisEngineServiceStub.java:183)
	... 22 more
Caused by: org.apache.uima.jms.error.handler.BrokerConnectionException: Unable To Deliver Message To Destination. Connection To Broker tcp://mu.lti.cs.cmu.edu:61616 Has Been Lost
	at org.apache.uima.adapter.jms.client.BaseMessageSender.reject(BaseMessageSender.java:139)
	at org.apache.uima.adapter.jms.client.BaseMessageSender.run(BaseMessageSender.java:269)
	... 1 more

10/5/13 5:38:54 PM - 11: org.apache.uima.aae.error.handler.ProcessCasErrorHandler.handleError: WARNING: Service: hw2-vvv-aae Runtime Exception  
10/5/13 5:38:54 PM - 11: org.apache.uima.aae.error.handler.ProcessCasErrorHandler.handleError: WARNING: 
org.apache.uima.analysis_engine.AnalysisEngineProcessException: Received Exception In Message From Service on Queue:ScnlpQueue Broker: tcp://mu.lti.cs.cmu.edu:61616 Cas Identifier:72a93b06:1418a7f485a:-7feb Exception:{3}
	at org.apache.uima.analysis_engine.service.impl.AnalysisEngineServiceAdapter.processAndOutputNewCASes(AnalysisEngineServiceAdapter.java:142)
	at org.apache.uima.analysis_engine.asb.impl.ASB_impl$AggregateCasIterator.processUntilNextOutputCas(ASB_impl.java:567)
	at org.apache.uima.analysis_engine.asb.impl.ASB_impl$AggregateCasIterator.<init>(ASB_impl.java:409)
	at org.apache.uima.analysis_engine.asb.impl.ASB_impl.process(ASB_impl.java:342)
	at org.apache.uima.analysis_engine.impl.AggregateAnalysisEngine_impl.processAndOutputNewCASes(AggregateAnalysisEngine_impl.java:267)
	at org.apache.uima.aae.controller.PrimitiveAnalysisEngineController_impl.process(PrimitiveAnalysisEngineController_impl.java:584)
	at org.apache.uima.aae.handler.HandlerBase.invokeProcess(HandlerBase.java:121)
	at org.apache.uima.aae.handler.input.ProcessRequestHandler_impl.handleProcessRequestFromRemoteClient(ProcessRequestHandler_impl.java:510)
	at org.apache.uima.aae.handler.input.ProcessRequestHandler_impl.handle(ProcessRequestHandler_impl.java:1008)
	at org.apache.uima.aae.handler.input.MetadataRequestHandler_impl.handle(MetadataRequestHandler_impl.java:78)
	at org.apache.uima.adapter.jms.activemq.JmsInputChannel.onMessage(JmsInputChannel.java:702)
	at org.springframework.jms.listener.AbstractMessageListenerContainer.doInvokeListener(AbstractMessageListenerContainer.java:535)
	at org.springframework.jms.listener.AbstractMessageListenerContainer.invokeListener(AbstractMessageListenerContainer.java:495)
	at org.springframework.jms.listener.AbstractMessageListenerContainer.doExecuteListener(AbstractMessageListenerContainer.java:467)
	at org.springframework.jms.listener.AbstractPollingMessageListenerContainer.doReceiveAndExecute(AbstractPollingMessageListenerContainer.java:323)
	at org.springframework.jms.listener.AbstractPollingMessageListenerContainer.receiveAndExecute(AbstractPollingMessageListenerContainer.java:261)
	at org.springframework.jms.listener.DefaultMessageListenerContainer$AsyncMessageListenerInvoker.invokeListener(DefaultMessageListenerContainer.java:1056)
	at org.springframework.jms.listener.DefaultMessageListenerContainer$AsyncMessageListenerInvoker.run(DefaultMessageListenerContainer.java:952)
	at java.util.concurrent.ThreadPoolExecutor$Worker.runTask(ThreadPoolExecutor.java:895)
	at java.util.concurrent.ThreadPoolExecutor$Worker.run(ThreadPoolExecutor.java:918)
	at org.apache.uima.aae.UimaAsThreadFactory$1.run(UimaAsThreadFactory.java:118)
	at java.lang.Thread.run(Thread.java:680)
Caused by: org.apache.uima.resource.ResourceServiceException: Received Exception In Message From Service on Queue:ScnlpQueue Broker: tcp://mu.lti.cs.cmu.edu:61616 Cas Identifier:72a93b06:1418a7f485a:-7feb Exception:{3}
	at org.apache.uima.aae.jms_adapter.JmsAnalysisEngineServiceStub.callProcess(JmsAnalysisEngineServiceStub.java:191)
	at org.apache.uima.analysis_engine.service.impl.AnalysisEngineServiceAdapter.processAndOutputNewCASes(AnalysisEngineServiceAdapter.java:129)
	... 21 more
Caused by: org.apache.uima.resource.ResourceProcessException: Received Exception In Message From Service on Queue:ScnlpQueue Broker: tcp://mu.lti.cs.cmu.edu:61616 Cas Identifier:72a93b06:1418a7f485a:-7feb Exception:{3}
	at org.apache.uima.adapter.jms.client.BaseUIMAAsynchronousEngineCommon_impl.sendAndReceiveCAS(BaseUIMAAsynchronousEngineCommon_impl.java:2139)
	at org.apache.uima.adapter.jms.client.BaseUIMAAsynchronousEngineCommon_impl.sendAndReceiveCAS(BaseUIMAAsynchronousEngineCommon_impl.java:1952)
	at org.apache.uima.aae.jms_adapter.JmsAnalysisEngineServiceStub.callProcess(JmsAnalysisEngineServiceStub.java:183)
	... 22 more
Caused by: org.apache.uima.jms.error.handler.BrokerConnectionException: Unable To Deliver Message To Destination. Connection To Broker tcp://mu.lti.cs.cmu.edu:61616 Has Been Lost
	at org.apache.uima.adapter.jms.client.BaseMessageSender.reject(BaseMessageSender.java:139)
	at org.apache.uima.adapter.jms.client.BaseMessageSender.run(BaseMessageSender.java:269)
	... 1 more

10/5/13 5:38:54 PM - 12: org.apache.uima.adapter.jms.client.BaseUIMAAsynchronousEngine_impl.initializeConsumer: INFO: Initializing JMS Message Consumer. Broker: tcp://mu.lti.cs.cmu.edu:61616 Queue Name: ID:cmu-866055.wv.cc.cmu.edu-59499-1381008099850-0:4:1
10/5/13 5:38:54 PM - 12: org.apache.uima.adapter.jms.client.BaseUIMAAsynchronousEngineCommon_impl$SharedConnection.retryConnectionUntilSuccessfull: INFO: UIMA AS Client Recovered Connection to Broker: tcp://mu.lti.cs.cmu.edu:61616 
10/5/13 5:39:09 PM - 11: org.apache.uima.adapter.jms.client.ClientServiceDelegate.addCasToPendingDispatchList: WARNING: Controller: UimaASClient Added CAS 72a93b06:1418a7f485a:-7fea (Hashcode: 1227346270) To a List Of CASes Pending Dispatch. The Controller Has Previously Timed-out Waiting For a Reply From ScnlpQueue Service. The Submitted CAS Will Remain in Pending Dispatch List Until GetMeta Ping Succeeds or GetMet Ping Times out. List Size Before Add: 0
10/5/13 5:39:09 PM - 11: org.apache.uima.adapter.jms.client.ClientServiceDelegate.dumpDelayedList: INFO: Current Pending Dispatch List. Delegate:ScnlpQueue
	----- CAS:72a93b06:1418a7f485a:-7fea CAS hashCode:1227346270

10/5/13 5:39:09 PM - 12: org.apache.uima.adapter.jms.client.ActiveMQMessageSender.run: INFO: UIMA AS Client Message Dispatcher Sending GetMeta Ping To the Service
10/5/13 5:39:09 PM - 11: org.apache.uima.adapter.jms.client.BaseUIMAAsynchronousEngineCommon_impl.sendCAS: INFO: Uima AS Client Sent PING Message To Service: ScnlpQueue
10/5/13 5:39:09 PM - 13: org.apache.uima.adapter.jms.client.BaseUIMAAsynchronousEngineCommon_impl.handleMetadataReply: INFO: UIMA AS Client Received GetMeta Ping Reply from Service:ScnlpQueue on host: 128.2.220.69
10/5/13 5:39:09 PM - 13: org.apache.uima.adapter.jms.client.BaseUIMAAsynchronousEngineCommon_impl.handleMetadataReply: INFO: UIMA AS Dispatching CAS: 72a93b06:1418a7f485a:-7fea (Hashcode:1227346270) from Delayed List 
10/5/13 5:52:08 PM - 11: org.apache.uima.adapter.jms.activemq.UimaDefaultMessageListenerContainer.onException: WARNING: Service: hw2-vvv-aae Runtime Exception  
10/5/13 5:52:08 PM - 11: org.apache.uima.adapter.jms.activemq.UimaDefaultMessageListenerContainer.onException: WARNING: Jms Listener Failed. Endpoint: vvvQueue Managed By: tcp://localhost:61616 Reason: javax.jms.JMSException: java.io.EOFException
10/5/13 5:52:08 PM - 11: org.apache.uima.adapter.jms.activemq.UimaDefaultMessageListenerContainer.handleListenerSetupFailure: WARNING: Uima AS Service:hw2-vvv-aae Listener Unable To Connect To Broker: tcp://localhost:61616 Retrying ...  
10/5/13 5:52:08 PM - 14: org.apache.uima.adapter.jms.activemq.UimaDefaultMessageListenerContainer.onException: WARNING: Service: hw2-vvv-aae Runtime Exception  
10/5/13 5:52:08 PM - 14: org.apache.uima.adapter.jms.activemq.UimaDefaultMessageListenerContainer.onException: WARNING: Jms Listener Failed. Endpoint: vvvQueue Managed By: tcp://localhost:61616 Reason: javax.jms.JMSException: java.io.EOFException
10/5/13 5:52:08 PM - 14: org.apache.uima.adapter.jms.activemq.UimaDefaultMessageListenerContainer.handleListenerSetupFailure: WARNING: Uima AS Service:hw2-vvv-aae Listener Unable To Connect To Broker: tcp://localhost:61616 Retrying ...  
